c:\users\wc542\onedrive\문서\6teamnetworkgameprogramming\server\server\release\vc142.pdb
c:\users\wc542\onedrive\문서\6teamnetworkgameprogramming\server\server\release\timemanager.obj
c:\users\wc542\onedrive\문서\6teamnetworkgameprogramming\server\server\release\tilemanager.obj
c:\users\wc542\onedrive\문서\6teamnetworkgameprogramming\server\server\release\tile.obj
c:\users\wc542\onedrive\문서\6teamnetworkgameprogramming\server\server\release\server.obj
c:\users\wc542\onedrive\문서\6teamnetworkgameprogramming\server\server\release\player.obj
c:\users\wc542\onedrive\문서\6teamnetworkgameprogramming\server\server\release\objmanager.obj
c:\users\wc542\onedrive\문서\6teamnetworkgameprogramming\server\server\release\obj.obj
c:\users\wc542\onedrive\문서\6teamnetworkgameprogramming\server\server\release\messi.obj
c:\users\wc542\onedrive\문서\6teamnetworkgameprogramming\server\server\release\mbape.obj
c:\users\wc542\onedrive\문서\6teamnetworkgameprogramming\server\server\release\skate.obj
c:\users\wc542\onedrive\문서\6teamnetworkgameprogramming\server\server\release\rock3.obj
c:\users\wc542\onedrive\문서\6teamnetworkgameprogramming\server\server\release\rock2.obj
c:\users\wc542\onedrive\문서\6teamnetworkgameprogramming\server\server\release\rock1.obj
c:\users\wc542\onedrive\문서\6teamnetworkgameprogramming\server\server\release\potion.obj
c:\users\wc542\onedrive\문서\6teamnetworkgameprogramming\server\server\release\maxpotion.obj
c:\users\wc542\onedrive\문서\6teamnetworkgameprogramming\server\server\release\leaf2.obj
c:\users\wc542\onedrive\문서\6teamnetworkgameprogramming\server\server\release\leaf1.obj
c:\users\wc542\onedrive\문서\6teamnetworkgameprogramming\server\server\release\grass.obj
c:\users\wc542\onedrive\문서\6teamnetworkgameprogramming\server\server\release\flower.obj
c:\users\wc542\onedrive\문서\6teamnetworkgameprogramming\server\server\release\basket.obj
c:\users\wc542\onedrive\문서\6teamnetworkgameprogramming\server\server\release\ballon.obj
c:\users\wc542\onedrive\문서\6teamnetworkgameprogramming\crazyarcade\release\server.exe
c:\users\wc542\onedrive\문서\6teamnetworkgameprogramming\server\server\release\server.ipdb
c:\users\wc542\onedrive\문서\6teamnetworkgameprogramming\server\server\release\server.iobj
c:\users\wc542\onedrive\문서\6teamnetworkgameprogramming\crazyarcade\release\server.pdb
c:\users\wc542\onedrive\문서\6teamnetworkgameprogramming\server\server\release\server.tlog\cl.command.1.tlog
c:\users\wc542\onedrive\문서\6teamnetworkgameprogramming\server\server\release\server.tlog\cl.read.1.tlog
c:\users\wc542\onedrive\문서\6teamnetworkgameprogramming\server\server\release\server.tlog\cl.write.1.tlog
c:\users\wc542\onedrive\문서\6teamnetworkgameprogramming\server\server\release\server.tlog\link.command.1.tlog
c:\users\wc542\onedrive\문서\6teamnetworkgameprogramming\server\server\release\server.tlog\link.read.1.tlog
c:\users\wc542\onedrive\문서\6teamnetworkgameprogramming\server\server\release\server.tlog\link.write.1.tlog
